<?xml version="1.0" encoding="UTF-8"?>
<!-- Generated by org.testng.reporters.JUnitXMLReporter -->
<testsuite ignored="0" hostname="DESKTOP-IVJGQJO" failures="0" tests="5" name="Test" time="0.423" errors="0" timestamp="2023-02-01T19:41:40 IST">
  <testcase classname="TestNGNop.VerificationofbookTestNG" name="@BeforeTest Lunchbrowser" time="-1.675260699804E9">
    <failure type="org.testng.TestNGException" message="
Parameter &amp;apos;Browser123&amp;apos; is required by BeforeTest on method Lunchbrowser but has not been marked @Optional or defined
in C:\Users\DELL\eclipse-workspace\Nopcommerce\testng.xml">
      <![CDATA[org.testng.TestNGException: 
Parameter 'Browser123' is required by BeforeTest on method Lunchbrowser but has not been marked @Optional or defined
in C:\Users\DELL\eclipse-workspace\Nopcommerce\testng.xml
... Removed 21 stack frames]]>
    </failure>
  </testcase> <!-- @BeforeTest Lunchbrowser -->
  <testcase classname="TestNGNop.Verificationoflink" name="@BeforeTest Lunchbrowser" time="-1.675260699883E9">
    <skipped/>
  </testcase> <!-- @BeforeTest Lunchbrowser -->
  <testcase classname="TestNGNop.VerificationofnopcomTestNg" name="@BeforeTest Lunchbrowser" time="-1.675260699922E9">
    <skipped/>
  </testcase> <!-- @BeforeTest Lunchbrowser -->
  <testcase classname="TestNGNop.VerificationofnopcomTestNg" name="@BeforeClass beforeclass" time="-1.675260700009E9">
    <skipped/>
  </testcase> <!-- @BeforeClass beforeclass -->
  <testcase classname="TestNGNop.VerificationofnopcomTestNg" name="@BeforeMethod lunchbrowser" time="-1.675260700086E9">
    <skipped/>
  </testcase> <!-- @BeforeMethod lunchbrowser -->
  <testcase classname="TestNGNop.VerificationofnopcomTestNg" name="@AfterMethod afterMethod" time="-1.675260700104E9">
    <skipped/>
  </testcase> <!-- @AfterMethod afterMethod -->
  <testcase classname="TestNGNop.VerificationofnopcomTestNg" name="@BeforeMethod lunchbrowser" time="-1.675260700114E9">
    <skipped/>
  </testcase> <!-- @BeforeMethod lunchbrowser -->
  <testcase classname="TestNGNop.VerificationofnopcomTestNg" name="@AfterMethod afterMethod" time="-1.67526070013E9">
    <skipped/>
  </testcase> <!-- @AfterMethod afterMethod -->
  <testcase classname="TestNGNop.VerificationofnopcomTestNg" name="@AfterClass afterClass" time="-1.675260700135E9">
    <skipped/>
  </testcase> <!-- @AfterClass afterClass -->
  <testcase classname="TestNGNop.Verificationoflink" name="@BeforeClass beforeclass" time="-1.675260700138E9">
    <skipped/>
  </testcase> <!-- @BeforeClass beforeclass -->
  <testcase classname="TestNGNop.Verificationoflink" name="@BeforeMethod lunchbrowser" time="-1.67526070014E9">
    <skipped/>
  </testcase> <!-- @BeforeMethod lunchbrowser -->
  <testcase classname="TestNGNop.Verificationoflink" name="@BeforeMethod lunchbrowser" time="-1.675260700165E9">
    <skipped/>
  </testcase> <!-- @BeforeMethod lunchbrowser -->
  <testcase classname="TestNGNop.Verificationoflink" name="@AfterClass afterClass" time="-1.675260700175E9">
    <skipped/>
  </testcase> <!-- @AfterClass afterClass -->
  <testcase classname="TestNGNop.VerificationofbookTestNG" name="@BeforeClass CreatPomObjects" time="-1.67526070018E9">
    <skipped/>
  </testcase> <!-- @BeforeClass CreatPomObjects -->
  <testcase classname="TestNGNop.VerificationofbookTestNG" name="@BeforeMethod lunchbrowser" time="-1.675260700184E9">
    <skipped/>
  </testcase> <!-- @BeforeMethod lunchbrowser -->
  <testcase classname="TestNGNop.VerificationofbookTestNG" name="@AfterMethod afterMethod" time="-1.67526070019E9">
    <skipped/>
  </testcase> <!-- @AfterMethod afterMethod -->
  <testcase classname="TestNGNop.VerificationofbookTestNG" name="@AfterClass afterClass" time="-1.675260700192E9">
    <skipped/>
  </testcase> <!-- @AfterClass afterClass -->
  <testcase classname="TestNGNop.VerificationofbookTestNG" name="@AfterTest afterTest" time="-1.6752607002E9">
    <skipped/>
  </testcase> <!-- @AfterTest afterTest -->
  <testcase classname="TestNGNop.Verificationoflink" name="@AfterTest afterTest" time="-1.675260700203E9">
    <skipped/>
  </testcase> <!-- @AfterTest afterTest -->
  <testcase classname="TestNGNop.VerificationofnopcomTestNg" name="@AfterTest afterTest" time="-1.675260700205E9">
    <skipped/>
  </testcase> <!-- @AfterTest afterTest -->
  <testcase classname="TestNGNop.VerificationofnopcomTestNg" name="testregistration" time="0.0">
    <skipped/>
  </testcase> <!-- testregistration -->
  <testcase classname="TestNGNop.VerificationofnopcomTestNg" name="testlogin" time="0.0">
    <skipped/>
  </testcase> <!-- testlogin -->
  <testcase classname="TestNGNop.Verificationoflink" name="testLOGIN" time="0.0">
    <skipped/>
  </testcase> <!-- testLOGIN -->
  <testcase classname="TestNGNop.Verificationoflink" name="testregistration" time="0.0">
    <skipped/>
  </testcase> <!-- testregistration -->
  <testcase classname="TestNGNop.VerificationofbookTestNG" name="testVerificationofBookPurchase" time="0.0">
    <skipped/>
  </testcase> <!-- testVerificationofBookPurchase -->
</testsuite> <!-- Test -->
